<?xml version="1.0" encoding="UTF-8"?>
<!-- Generated by org.testng.reporters.JUnitReportReporter -->
<testsuite skipped="0" hostname="prashant-PC" name="com.uiFramework.vmd.proj.testScript.TestScreenShot" tests="1" failures="0" timestamp="11 Sep 2019 18:25:25 GMT" time="30.089" errors="0">
  <testcase name="testScreen" time="30.089" classname="com.uiFramework.vmd.proj.testScript.TestScreenShot"/>
</testsuite> <!-- com.uiFramework.vmd.proj.testScript.TestScreenShot -->
